<?xml version="1.0" encoding="utf-8"?><testsuites name="pytest tests"><testsuite name="pytest" errors="0" failures="0" skipped="0" tests="29" time="3.773" timestamp="2026-04-07T10:06:45.639336+00:00" hostname="agent-env-1998dd4a-ed37-4eb3-a8bf-1eab94bc8563"><testcase classname="backend.tests.test_iteration12_refactoring.TestAuthRoutes" name="test_get_auth_me" time="0.258" /><testcase classname="backend.tests.test_iteration12_refactoring.TestAuthRoutes" name="test_auth_me_requires_auth" time="0.110" /><testcase classname="backend.tests.test_iteration12_refactoring.TestAccountsRoutes" name="test_get_accounts" time="0.109" /><testcase classname="backend.tests.test_iteration12_refactoring.TestCategoriesRoutes" name="test_get_categories" time="0.114" /><testcase classname="backend.tests.test_iteration12_refactoring.TestTransactionsRoutes" name="test_get_transactions" time="0.132" /><testcase classname="backend.tests.test_iteration12_refactoring.TestTransactionsRoutes" name="test_create_transaction" time="0.224" /><testcase classname="backend.tests.test_iteration12_refactoring.TestAnalyticsRoutes" name="test_get_analytics_summary" time="0.112" /><testcase classname="backend.tests.test_iteration12_refactoring.TestAccountingRoutes" name="test_get_vouchers" time="0.155" /><testcase classname="backend.tests.test_iteration12_refactoring.TestAccountingRoutes" name="test_get_trial_balance" time="0.125" /><testcase classname="backend.tests.test_iteration12_refactoring.TestAccountingRoutes" name="test_get_profit_loss" time="0.115" /><testcase classname="backend.tests.test_iteration12_refactoring.TestAccountingRoutes" name="test_get_balance_sheet" time="0.111" /><testcase classname="backend.tests.test_iteration12_refactoring.TestAccountingRoutes" name="test_get_daybook" time="0.148" /><testcase classname="backend.tests.test_iteration12_refactoring.TestAccountingRoutes" name="test_get_company" time="0.099" /><testcase classname="backend.tests.test_iteration12_refactoring.TestAccountingRoutes" name="test_get_financial_years" time="0.116" /><testcase classname="backend.tests.test_iteration12_refactoring.TestAccountingRoutes" name="test_get_account_groups" time="0.094" /><testcase classname="backend.tests.test_iteration12_refactoring.TestAccountingRoutes" name="test_get_ledgers" time="0.107" /><testcase classname="backend.tests.test_iteration12_refactoring.TestAuthRequired" name="test_endpoint_requires_auth[/api/accounts]" time="0.118" /><testcase classname="backend.tests.test_iteration12_refactoring.TestAuthRequired" name="test_endpoint_requires_auth[/api/categories]" time="0.122" /><testcase classname="backend.tests.test_iteration12_refactoring.TestAuthRequired" name="test_endpoint_requires_auth[/api/transactions]" time="0.123" /><testcase classname="backend.tests.test_iteration12_refactoring.TestAuthRequired" name="test_endpoint_requires_auth[/api/analytics/summary]" time="0.107" /><testcase classname="backend.tests.test_iteration12_refactoring.TestAuthRequired" name="test_endpoint_requires_auth[/api/vouchers]" time="0.108" /><testcase classname="backend.tests.test_iteration12_refactoring.TestAuthRequired" name="test_endpoint_requires_auth[/api/trial-balance]" time="0.105" /><testcase classname="backend.tests.test_iteration12_refactoring.TestAuthRequired" name="test_endpoint_requires_auth[/api/profit-loss]" time="0.104" /><testcase classname="backend.tests.test_iteration12_refactoring.TestAuthRequired" name="test_endpoint_requires_auth[/api/balance-sheet]" time="0.101" /><testcase classname="backend.tests.test_iteration12_refactoring.TestAuthRequired" name="test_endpoint_requires_auth[/api/daybook]" time="0.111" /><testcase classname="backend.tests.test_iteration12_refactoring.TestAuthRequired" name="test_endpoint_requires_auth[/api/company]" time="0.100" /><testcase classname="backend.tests.test_iteration12_refactoring.TestAuthRequired" name="test_endpoint_requires_auth[/api/financial-years]" time="0.099" /><testcase classname="backend.tests.test_iteration12_refactoring.TestAuthRequired" name="test_endpoint_requires_auth[/api/account-groups]" time="0.097" /><testcase classname="backend.tests.test_iteration12_refactoring.TestAuthRequired" name="test_endpoint_requires_auth[/api/ledgers]" time="0.098" /></testsuite></testsuites>