<?xml version="1.0" encoding="utf-8"?><testsuites name="pytest tests"><testsuite name="pytest" errors="0" failures="0" skipped="0" tests="8" time="2.007" timestamp="2026-03-30T01:46:19.258690+00:00" hostname="agent-env-1998dd4a-ed37-4eb3-a8bf-1eab94bc8563"><testcase classname="backend.tests.test_iteration8_email_preview.TestEmailFromFilterField" name="test_create_account_with_email_from_filter" time="0.142" /><testcase classname="backend.tests.test_iteration8_email_preview.TestEmailFromFilterField" name="test_get_accounts_returns_email_from_filter" time="0.141" /><testcase classname="backend.tests.test_iteration8_email_preview.TestEmailFromFilterField" name="test_update_account_email_from_filter" time="0.361" /><testcase classname="backend.tests.test_iteration8_email_preview.TestSyncPreviewEndpoint" name="test_sync_preview_endpoint_exists" time="0.487" /><testcase classname="backend.tests.test_iteration8_email_preview.TestSyncPreviewEndpoint" name="test_sync_preview_returns_proper_structure_on_error" time="0.367" /><testcase classname="backend.tests.test_iteration8_email_preview.TestSyncPreviewEndpoint" name="test_sync_preview_404_for_nonexistent_account" time="0.116" /><testcase classname="backend.tests.test_iteration8_email_preview.TestSyncPreviewEndpoint" name="test_sync_preview_401_without_auth" time="0.102" /><testcase classname="backend.tests.test_iteration8_email_preview.TestCleanup" name="test_cleanup_test_accounts" time="0.229" /></testsuite></testsuites>