<?xml version="1.0" encoding="utf-8"?><testsuites name="pytest tests"><testsuite name="pytest" errors="0" failures="0" skipped="0" tests="14" time="1.949" timestamp="2026-03-29T05:47:21.988344+00:00" hostname="agent-env-1998dd4a-ed37-4eb3-a8bf-1eab94bc8563"><testcase classname="backend.tests.test_auth_api.TestUnauthenticatedAccess" name="test_accounts_requires_auth" time="0.187" /><testcase classname="backend.tests.test_auth_api.TestUnauthenticatedAccess" name="test_transactions_requires_auth" time="0.124" /><testcase classname="backend.tests.test_auth_api.TestUnauthenticatedAccess" name="test_categories_requires_auth" time="0.105" /><testcase classname="backend.tests.test_auth_api.TestUnauthenticatedAccess" name="test_analytics_requires_auth" time="0.097" /><testcase classname="backend.tests.test_auth_api.TestUnauthenticatedAccess" name="test_backup_requires_auth" time="0.102" /><testcase classname="backend.tests.test_auth_api.TestAuthenticatedAccess" name="test_auth_me_returns_user_data" time="0.136" /><testcase classname="backend.tests.test_auth_api.TestAuthenticatedAccess" name="test_get_accounts_authenticated" time="0.122" /><testcase classname="backend.tests.test_auth_api.TestAuthenticatedAccess" name="test_get_categories_returns_defaults" time="0.108" /><testcase classname="backend.tests.test_auth_api.TestAuthenticatedAccess" name="test_get_transactions_authenticated" time="0.132" /><testcase classname="backend.tests.test_auth_api.TestAuthenticatedAccess" name="test_get_analytics_summary" time="0.105" /><testcase classname="backend.tests.test_auth_api.TestAuthenticatedAccess" name="test_backup_export" time="0.128" /><testcase classname="backend.tests.test_auth_api.TestAccountCRUD" name="test_create_account" time="0.229" /><testcase classname="backend.tests.test_auth_api.TestTransferDetection" name="test_detect_transfers" time="0.109" /><testcase classname="backend.tests.test_auth_api.TestLogout" name="test_logout_clears_session" time="0.103" /></testsuite></testsuites>