<?xml version="1.0" encoding="utf-8"?><testsuites name="pytest tests"><testsuite name="pytest" errors="0" failures="0" skipped="0" tests="11" time="1.710" timestamp="2026-04-02T15:49:26.476060+00:00" hostname="agent-env-1998dd4a-ed37-4eb3-a8bf-1eab94bc8563"><testcase classname="backend.tests.test_iteration9_dashboard.TestAnalyticsSummaryNewFields" name="test_analytics_summary_returns_daily_trend" time="0.192" /><testcase classname="backend.tests.test_iteration9_dashboard.TestAnalyticsSummaryNewFields" name="test_analytics_summary_returns_account_summary" time="0.148" /><testcase classname="backend.tests.test_iteration9_dashboard.TestAnalyticsSummaryNewFields" name="test_analytics_summary_returns_top_creditors" time="0.120" /><testcase classname="backend.tests.test_iteration9_dashboard.TestAnalyticsSummaryNewFields" name="test_analytics_summary_returns_top_debitors" time="0.113" /><testcase classname="backend.tests.test_iteration9_dashboard.TestAnalyticsDateRangeFiltering" name="test_analytics_with_date_range_returns_filtered_data" time="0.102" /><testcase classname="backend.tests.test_iteration9_dashboard.TestAnalyticsDateRangeFiltering" name="test_analytics_daily_trend_scoped_to_date_range" time="0.124" /><testcase classname="backend.tests.test_iteration9_dashboard.TestAnalyticsDateRangeFiltering" name="test_analytics_account_summary_scoped_to_date_range" time="0.255" /><testcase classname="backend.tests.test_iteration9_dashboard.TestTransferExclusion" name="test_top_creditors_excludes_transfers" time="0.123" /><testcase classname="backend.tests.test_iteration9_dashboard.TestTransferExclusion" name="test_top_debitors_excludes_transfers" time="0.120" /><testcase classname="backend.tests.test_iteration9_dashboard.TestAnalyticsResponseStructure" name="test_analytics_summary_all_fields_present" time="0.126" /><testcase classname="backend.tests.test_iteration9_dashboard.TestAnalyticsResponseStructure" name="test_analytics_requires_authentication" time="0.112" /></testsuite></testsuites>