<?xml version="1.0" encoding="utf-8"?><testsuites name="pytest tests"><testsuite name="pytest" errors="0" failures="0" skipped="0" tests="10" time="1.288" timestamp="2026-04-07T12:07:03.752119+00:00" hostname="agent-env-1998dd4a-ed37-4eb3-a8bf-1eab94bc8563"><testcase classname="tests.test_iteration15_features.TestAnalyticsEndpoint" name="test_analytics_summary_returns_category_id" time="0.157" /><testcase classname="tests.test_iteration15_features.TestAnalyticsEndpoint" name="test_analytics_summary_with_date_range" time="0.144" /><testcase classname="tests.test_iteration15_features.TestTransactionsEndpoint" name="test_get_transactions" time="0.147" /><testcase classname="tests.test_iteration15_features.TestCategoriesEndpoint" name="test_get_categories" time="0.099" /><testcase classname="tests.test_iteration15_features.TestTransferDetection" name="test_detect_transfers_endpoint" time="0.115" /><testcase classname="tests.test_iteration15_features.TestTransferDetection" name="test_mark_as_transfer_requires_two_ids" time="0.102" /><testcase classname="tests.test_iteration15_features.TestAccountsEndpoint" name="test_get_accounts" time="0.135" /><testcase classname="tests.test_iteration15_features.TestAuthRequired" name="test_analytics_requires_auth" time="0.109" /><testcase classname="tests.test_iteration15_features.TestAuthRequired" name="test_transactions_requires_auth" time="0.106" /><testcase classname="tests.test_iteration15_features.TestAuthRequired" name="test_detect_transfers_requires_auth" time="0.103" /></testsuite></testsuites>