<?xml version="1.0" encoding="utf-8"?><testsuites name="pytest tests"><testsuite name="pytest" errors="0" failures="0" skipped="0" tests="14" time="2.244" timestamp="2026-03-29T06:33:39.956177+00:00" hostname="agent-env-1998dd4a-ed37-4eb3-a8bf-1eab94bc8563"><testcase classname="backend.tests.test_iteration4_features.TestAuthEndpoints" name="test_endpoints_return_401_without_auth" time="0.502" /><testcase classname="backend.tests.test_iteration4_features.TestAuthEndpoints" name="test_auth_me_returns_user_data" time="0.103" /><testcase classname="backend.tests.test_iteration4_features.TestEmailConfigEndpoints" name="test_get_email_config_initial" time="0.106" /><testcase classname="backend.tests.test_iteration4_features.TestEmailConfigEndpoints" name="test_post_email_config_saves" time="0.135" /><testcase classname="backend.tests.test_iteration4_features.TestEmailConfigEndpoints" name="test_get_email_config_after_save" time="0.113" /><testcase classname="backend.tests.test_iteration4_features.TestEmailScanEndpoint" name="test_email_scan_without_account_filters" time="0.147" /><testcase classname="backend.tests.test_iteration4_features.TestBackupEndpoints" name="test_backup_export" time="0.129" /><testcase classname="backend.tests.test_iteration4_features.TestBackupEndpoints" name="test_backup_import_empty" time="0.140" /><testcase classname="backend.tests.test_iteration4_features.TestBackupEndpoints" name="test_backup_import_with_data" time="0.146" /><testcase classname="backend.tests.test_iteration4_features.TestAccountEmailFilter" name="test_create_account_with_email_filter" time="0.193" /><testcase classname="backend.tests.test_iteration4_features.TestCategoriesEndpoint" name="test_get_categories_returns_defaults" time="0.091" /><testcase classname="backend.tests.test_iteration4_features.TestPWAFiles" name="test_manifest_json_accessible" time="0.102" /><testcase classname="backend.tests.test_iteration4_features.TestPWAFiles" name="test_service_worker_accessible" time="0.132" /><testcase classname="backend.tests.test_iteration4_features.TestGoogleAuthURL" name="test_login_page_accessible" time="0.099" /></testsuite></testsuites>