<?xml version="1.0" encoding="utf-8"?><testsuites name="pytest tests"><testsuite name="pytest" errors="0" failures="0" skipped="0" tests="17" time="7.769" timestamp="2026-04-07T11:40:07.338930+00:00" hostname="agent-env-1998dd4a-ed37-4eb3-a8bf-1eab94bc8563"><testcase classname="backend.tests.test_iteration14_dashboard.TestAnalyticsSummary" name="test_analytics_summary_returns_data" time="0.239" /><testcase classname="backend.tests.test_iteration14_dashboard.TestAnalyticsSummary" name="test_analytics_summary_with_date_range" time="0.124" /><testcase classname="backend.tests.test_iteration14_dashboard.TestAnalyticsSummary" name="test_analytics_summary_requires_auth" time="0.144" /><testcase classname="backend.tests.test_iteration14_dashboard.TestAccountsEndpoint" name="test_get_accounts" time="0.116" /><testcase classname="backend.tests.test_iteration14_dashboard.TestAccountsEndpoint" name="test_accounts_requires_auth" time="0.131" /><testcase classname="backend.tests.test_iteration14_dashboard.TestCategoriesEndpoint" name="test_get_categories" time="0.130" /><testcase classname="backend.tests.test_iteration14_dashboard.TestCategoriesEndpoint" name="test_categories_requires_auth" time="0.178" /><testcase classname="backend.tests.test_iteration14_dashboard.TestTransactionsEndpoint" name="test_get_transactions" time="0.141" /><testcase classname="backend.tests.test_iteration14_dashboard.TestTransactionsEndpoint" name="test_transactions_requires_auth" time="0.108" /><testcase classname="backend.tests.test_iteration14_dashboard.TestVouchersEndpoint" name="test_get_vouchers" time="0.176" /><testcase classname="backend.tests.test_iteration14_dashboard.TestVouchersEndpoint" name="test_vouchers_requires_auth" time="0.114" /><testcase classname="backend.tests.test_iteration14_dashboard.TestAICategorizeEndpoint" name="test_ai_categorize_endpoint_exists" time="0.104" /><testcase classname="backend.tests.test_iteration14_dashboard.TestAICategorizeEndpoint" name="test_ai_categorize_with_auth" time="5.446" /><testcase classname="backend.tests.test_iteration14_dashboard.TestCategoryBreakdownStructure" name="test_category_breakdown_has_required_fields" time="0.128" /><testcase classname="backend.tests.test_iteration14_dashboard.TestMonthlyTrendStructure" name="test_monthly_trend_has_required_fields" time="0.105" /><testcase classname="backend.tests.test_iteration14_dashboard.TestDailyTrendStructure" name="test_daily_trend_has_required_fields" time="0.123" /><testcase classname="backend.tests.test_iteration14_dashboard.TestTopCreditorsDebitorsStructure" name="test_top_creditors_debitors_structure" time="0.146" /></testsuite></testsuites>