<?xml version="1.0" encoding="utf-8"?><testsuites name="pytest tests"><testsuite name="pytest" errors="0" failures="1" skipped="0" tests="21" time="5.561" timestamp="2026-04-04T13:02:19.558032+00:00" hostname="agent-env-1998dd4a-ed37-4eb3-a8bf-1eab94bc8563"><testcase classname="backend.tests.test_iteration10_accounting.TestCompanyEndpoint" name="test_get_company_returns_data" time="0.236" /><testcase classname="backend.tests.test_iteration10_accounting.TestCompanyEndpoint" name="test_update_company" time="0.265" /><testcase classname="backend.tests.test_iteration10_accounting.TestAccountGroups" name="test_get_account_groups_returns_24_defaults" time="0.114" /><testcase classname="backend.tests.test_iteration10_accounting.TestAccountGroups" name="test_create_account_group" time="0.105" /><testcase classname="backend.tests.test_iteration10_accounting.TestLedgers" name="test_get_ledgers" time="0.254" /><testcase classname="backend.tests.test_iteration10_accounting.TestLedgers" name="test_create_ledger" time="0.218" /><testcase classname="backend.tests.test_iteration10_accounting.TestLedgers" name="test_update_ledger" time="0.340" /><testcase classname="backend.tests.test_iteration10_accounting.TestLedgers" name="test_delete_ledger_without_vouchers" time="0.354" /><testcase classname="backend.tests.test_iteration10_accounting.TestVouchers" name="test_create_balanced_voucher" time="0.210" /><testcase classname="backend.tests.test_iteration10_accounting.TestVouchers" name="test_reject_unbalanced_voucher" time="0.232" /><testcase classname="backend.tests.test_iteration10_accounting.TestVouchers" name="test_get_vouchers_with_type_filter" time="0.426" /><testcase classname="backend.tests.test_iteration10_accounting.TestVouchers" name="test_delete_voucher" time="0.313" /><testcase classname="backend.tests.test_iteration10_accounting.TestTrialBalance" name="test_get_trial_balance" time="0.106"><failure message="assert (1000.0 &lt; 0.01 or False)&#10; +  where 1000.0 = abs((3000.0 - 4000.0))">backend/tests/test_iteration10_accounting.py:263: in test_get_trial_balance
    assert abs(data["total_debit"] - data["total_credit"]) &lt; 0.01 or data["is_balanced"]
E   assert (1000.0 &lt; 0.01 or False)
E    +  where 1000.0 = abs((3000.0 - 4000.0))</failure></testcase><testcase classname="backend.tests.test_iteration10_accounting.TestDaybook" name="test_get_daybook" time="0.101" /><testcase classname="backend.tests.test_iteration10_accounting.TestProfitLoss" name="test_get_profit_loss" time="0.119" /><testcase classname="backend.tests.test_iteration10_accounting.TestBalanceSheet" name="test_get_balance_sheet" time="0.103" /><testcase classname="backend.tests.test_iteration10_accounting.TestMigration" name="test_migrate_to_accounting" time="0.698" /><testcase classname="backend.tests.test_iteration10_accounting.TestAutoBridge" name="test_transaction_creates_voucher" time="0.480" /><testcase classname="backend.tests.test_iteration10_accounting.TestAuthRequired" name="test_company_requires_auth" time="0.106" /><testcase classname="backend.tests.test_iteration10_accounting.TestAuthRequired" name="test_ledgers_requires_auth" time="0.107" /><testcase classname="backend.tests.test_iteration10_accounting.TestAuthRequired" name="test_vouchers_requires_auth" time="0.471" /></testsuite></testsuites>