<?xml version="1.0" encoding="utf-8"?><testsuites name="pytest tests"><testsuite name="pytest" errors="0" failures="0" skipped="0" tests="12" time="2.229" timestamp="2026-03-30T01:22:39.965255+00:00" hostname="agent-env-1998dd4a-ed37-4eb3-a8bf-1eab94bc8563"><testcase classname="backend.tests.test_iteration7_features.TestDashboardAnalyticsAPI" name="test_analytics_summary_all_time" time="0.207" /><testcase classname="backend.tests.test_iteration7_features.TestDashboardAnalyticsAPI" name="test_analytics_summary_with_date_range" time="0.189" /><testcase classname="backend.tests.test_iteration7_features.TestDashboardAnalyticsAPI" name="test_category_breakdown_has_required_fields" time="0.156" /><testcase classname="backend.tests.test_iteration7_features.TestTransactionsFiltering" name="test_get_all_transactions" time="0.146" /><testcase classname="backend.tests.test_iteration7_features.TestTransactionsFiltering" name="test_transactions_have_required_fields" time="0.139" /><testcase classname="backend.tests.test_iteration7_features.TestTransactionsFiltering" name="test_transactions_filter_by_account" time="0.288" /><testcase classname="backend.tests.test_iteration7_features.TestAccountDeleteCascade" name="test_create_and_delete_account_with_transactions" time="0.524" /><testcase classname="backend.tests.test_iteration7_features.TestAccountDeleteCascade" name="test_delete_nonexistent_account_returns_404" time="0.099" /><testcase classname="backend.tests.test_iteration7_features.TestResetAllDataEndpoint" name="test_reset_all_data_endpoint_exists" time="0.117" /><testcase classname="backend.tests.test_iteration7_features.TestResetAllDataEndpoint" name="test_reset_all_data_with_auth_works" time="0.000" /><testcase classname="backend.tests.test_iteration7_features.TestCategoriesForFiltering" name="test_get_categories" time="0.106" /><testcase classname="backend.tests.test_iteration7_features.TestAccountsEndpoint" name="test_get_accounts" time="0.107" /></testsuite></testsuites>