<?xml version="1.0" encoding="utf-8"?><testsuites name="pytest tests"><testsuite name="pytest" errors="0" failures="0" skipped="0" tests="16" time="2.006" timestamp="2026-04-07T10:19:34.053101+00:00" hostname="agent-env-1998dd4a-ed37-4eb3-a8bf-1eab94bc8563"><testcase classname="backend.tests.test_iteration13_reports.TestCashFlowEndpoint" name="test_cash_flow_without_dates" time="0.163" /><testcase classname="backend.tests.test_iteration13_reports.TestCashFlowEndpoint" name="test_cash_flow_with_date_filters" time="0.106" /><testcase classname="backend.tests.test_iteration13_reports.TestCashFlowEndpoint" name="test_cash_flow_requires_auth" time="0.101" /><testcase classname="backend.tests.test_iteration13_reports.TestProfitLossEndpoint" name="test_profit_loss_returns_grouped_data" time="0.135" /><testcase classname="backend.tests.test_iteration13_reports.TestBalanceSheetEndpoint" name="test_balance_sheet_returns_grouped_data" time="0.099" /><testcase classname="backend.tests.test_iteration13_reports.TestFinancialYearsEndpoint" name="test_financial_years_returns_fy_list" time="0.130" /><testcase classname="backend.tests.test_iteration13_reports.TestRegressionEndpoints" name="test_auth_me" time="0.096" /><testcase classname="backend.tests.test_iteration13_reports.TestRegressionEndpoints" name="test_accounts" time="0.100" /><testcase classname="backend.tests.test_iteration13_reports.TestRegressionEndpoints" name="test_categories" time="0.127" /><testcase classname="backend.tests.test_iteration13_reports.TestRegressionEndpoints" name="test_transactions" time="0.123" /><testcase classname="backend.tests.test_iteration13_reports.TestRegressionEndpoints" name="test_vouchers" time="0.148" /><testcase classname="backend.tests.test_iteration13_reports.TestRegressionEndpoints" name="test_trial_balance" time="0.108" /><testcase classname="backend.tests.test_iteration13_reports.TestRegressionEndpoints" name="test_daybook" time="0.145" /><testcase classname="backend.tests.test_iteration13_reports.TestRegressionEndpoints" name="test_company" time="0.105" /><testcase classname="backend.tests.test_iteration13_reports.TestRegressionEndpoints" name="test_account_groups" time="0.094" /><testcase classname="backend.tests.test_iteration13_reports.TestRegressionEndpoints" name="test_ledgers" time="0.097" /></testsuite></testsuites>