<?xml version="1.0" encoding="utf-8"?><testsuites name="pytest tests"><testsuite name="pytest" errors="0" failures="0" skipped="0" tests="7" time="2.006" timestamp="2026-03-29T14:30:00.889875+00:00" hostname="agent-env-1998dd4a-ed37-4eb3-a8bf-1eab94bc8563"><testcase classname="tests.test_iteration6_features.TestDetectTransfersWithConfidence" name="test_detect_transfers_returns_confidence_field" time="0.162" /><testcase classname="tests.test_iteration6_features.TestAccountSyncHistory" name="test_get_sync_history_returns_array" time="0.226" /><testcase classname="tests.test_iteration6_features.TestAccountSync" name="test_sync_account_without_email_filter" time="0.399" /><testcase classname="tests.test_iteration6_features.TestAccountSync" name="test_sync_account_with_email_filter_no_email_config" time="0.730" /><testcase classname="tests.test_iteration6_features.TestAccountsWithEmailFilter" name="test_accounts_have_email_filter_field" time="0.193" /><testcase classname="tests.test_iteration6_features.TestAuthEndpoints" name="test_auth_me_with_valid_token" time="0.112" /><testcase classname="tests.test_iteration6_features.TestAuthEndpoints" name="test_auth_me_without_token" time="0.109" /></testsuite></testsuites>