<?xml version="1.0" encoding="utf-8"?><testsuites name="pytest tests"><testsuite name="pytest" errors="0" failures="0" skipped="0" tests="14" time="4.102" timestamp="2026-04-04T16:30:18.790080+00:00" hostname="agent-env-1998dd4a-ed37-4eb3-a8bf-1eab94bc8563"><testcase classname="backend.tests.test_iteration11_settings.TestCategoriesEndpoints" name="test_get_categories_returns_list" time="0.203" /><testcase classname="backend.tests.test_iteration11_settings.TestCategoriesEndpoints" name="test_categories_auto_restore_if_empty" time="0.103" /><testcase classname="backend.tests.test_iteration11_settings.TestCategoriesEndpoints" name="test_restore_defaults_endpoint" time="0.160" /><testcase classname="backend.tests.test_iteration11_settings.TestCategoriesEndpoints" name="test_categories_have_expanded_defaults" time="0.128" /><testcase classname="backend.tests.test_iteration11_settings.TestFinancialYearsEndpoint" name="test_get_financial_years" time="0.116" /><testcase classname="backend.tests.test_iteration11_settings.TestFinancialYearsEndpoint" name="test_financial_years_computed_from_data" time="0.124" /><testcase classname="backend.tests.test_iteration11_settings.TestCompanyEndpoints" name="test_get_company" time="0.100" /><testcase classname="backend.tests.test_iteration11_settings.TestCompanyEndpoints" name="test_update_company" time="0.450" /><testcase classname="backend.tests.test_iteration11_settings.TestAICategorizeEndpoint" name="test_ai_categorize_returns_prompt_used" time="2.079" /><testcase classname="backend.tests.test_iteration11_settings.TestAICategorizeEndpoint" name="test_ai_categorize_with_empty_transaction_ids" time="0.113" /><testcase classname="backend.tests.test_iteration11_settings.TestAuthRequired" name="test_categories_requires_auth" time="0.124" /><testcase classname="backend.tests.test_iteration11_settings.TestAuthRequired" name="test_financial_years_requires_auth" time="0.112" /><testcase classname="backend.tests.test_iteration11_settings.TestAuthRequired" name="test_company_requires_auth" time="0.115" /><testcase classname="backend.tests.test_iteration11_settings.TestAuthRequired" name="test_restore_defaults_requires_auth" time="0.109" /></testsuite></testsuites>