<?xml version="1.0" encoding="utf-8"?><testsuites name="pytest tests"><testsuite name="pytest" errors="0" failures="0" skipped="0" tests="15" time="2.011" timestamp="2026-03-29T09:07:02.117727+00:00" hostname="agent-env-1998dd4a-ed37-4eb3-a8bf-1eab94bc8563"><testcase classname="backend.tests.test_iteration5_themes.TestAuthEndpoints" name="test_auth_me_without_token_returns_401" time="0.156" /><testcase classname="backend.tests.test_iteration5_themes.TestAuthEndpoints" name="test_auth_me_with_valid_token" time="0.142" /><testcase classname="backend.tests.test_iteration5_themes.TestAuthEndpoints" name="test_accounts_without_auth_returns_401" time="0.145" /><testcase classname="backend.tests.test_iteration5_themes.TestAuthEndpoints" name="test_transactions_without_auth_returns_401" time="0.098" /><testcase classname="backend.tests.test_iteration5_themes.TestAuthEndpoints" name="test_categories_without_auth_returns_401" time="0.100" /><testcase classname="backend.tests.test_iteration5_themes.TestAccountsEndpoints" name="test_get_accounts" time="0.098" /><testcase classname="backend.tests.test_iteration5_themes.TestAccountsEndpoints" name="test_create_account_with_email_filter" time="0.218" /><testcase classname="backend.tests.test_iteration5_themes.TestCategoriesEndpoints" name="test_get_categories" time="0.145" /><testcase classname="backend.tests.test_iteration5_themes.TestTransactionsEndpoints" name="test_get_transactions" time="0.119" /><testcase classname="backend.tests.test_iteration5_themes.TestAnalyticsEndpoints" name="test_analytics_summary" time="0.121" /><testcase classname="backend.tests.test_iteration5_themes.TestEmailConfigEndpoints" name="test_get_email_config" time="0.100" /><testcase classname="backend.tests.test_iteration5_themes.TestEmailConfigEndpoints" name="test_post_email_config" time="0.100" /><testcase classname="backend.tests.test_iteration5_themes.TestBackupEndpoints" name="test_export_backup" time="0.126" /><testcase classname="backend.tests.test_iteration5_themes.TestBackupEndpoints" name="test_import_backup_empty" time="0.107" /><testcase classname="backend.tests.test_iteration5_themes.TestPWAEndpoints" name="test_manifest_accessible" time="0.094" /></testsuite></testsuites>