<?xml version="1.0" encoding="utf-8"?><testsuites name="pytest tests"><testsuite name="pytest" errors="0" failures="0" skipped="0" tests="22" time="13.272" timestamp="2026-03-29T05:09:33.099529+00:00" hostname="agent-env-1998dd4a-ed37-4eb3-a8bf-1eab94bc8563"><testcase classname="backend.tests.test_finance_tracker.TestHealthAndInit" name="test_api_accessible" time="0.275" /><testcase classname="backend.tests.test_finance_tracker.TestHealthAndInit" name="test_init_default_categories" time="0.145" /><testcase classname="backend.tests.test_finance_tracker.TestAccountsCRUD" name="test_create_account" time="0.106" /><testcase classname="backend.tests.test_finance_tracker.TestAccountsCRUD" name="test_get_accounts" time="0.118" /><testcase classname="backend.tests.test_finance_tracker.TestAccountsCRUD" name="test_update_account" time="0.225" /><testcase classname="backend.tests.test_finance_tracker.TestAccountsCRUD" name="test_delete_account" time="0.319" /><testcase classname="backend.tests.test_finance_tracker.TestCategoriesCRUD" name="test_get_categories" time="0.100" /><testcase classname="backend.tests.test_finance_tracker.TestCategoriesCRUD" name="test_create_category" time="0.103" /><testcase classname="backend.tests.test_finance_tracker.TestCategoriesCRUD" name="test_cannot_delete_default_category" time="0.209" /><testcase classname="backend.tests.test_finance_tracker.TestTransactionsCRUD" name="test_create_transaction" time="0.212" /><testcase classname="backend.tests.test_finance_tracker.TestTransactionsCRUD" name="test_get_transactions" time="0.223" /><testcase classname="backend.tests.test_finance_tracker.TestTransactionsCRUD" name="test_transaction_updates_balance" time="0.429" /><testcase classname="backend.tests.test_finance_tracker.TestPDFParsing" name="test_debug_pdf_slice_credit" time="1.121" /><testcase classname="backend.tests.test_finance_tracker.TestPDFParsing" name="test_debug_pdf_hdfc_bank" time="3.952" /><testcase classname="backend.tests.test_finance_tracker.TestPDFParsing" name="test_debug_pdf_axis_bank_with_password" time="0.772" /><testcase classname="backend.tests.test_finance_tracker.TestParserBuilder" name="test_build_parser_auto_detection" time="1.005" /><testcase classname="backend.tests.test_finance_tracker.TestParserBuilder" name="test_save_parser_pattern" time="0.324" /><testcase classname="backend.tests.test_finance_tracker.TestUploadStatement" name="test_upload_statement_pdf" time="0.706" /><testcase classname="backend.tests.test_finance_tracker.TestAnalytics" name="test_analytics_summary" time="0.116" /><testcase classname="backend.tests.test_finance_tracker.TestAnalytics" name="test_analytics_with_date_filter" time="0.112" /><testcase classname="backend.tests.test_finance_tracker.TestTransfers" name="test_create_transfer" time="0.452" /><testcase classname="backend.tests.test_finance_tracker.TestTransfers" name="test_detect_transfers" time="2.001" /></testsuite></testsuites>